<?xml version="1.0" encoding="UTF-8"?>
<testng-results ignored="0" total="2" passed="2" failed="0" skipped="0">
  <reporter-output>
  </reporter-output>
  <suite started-at="2024-04-15T14:03:38 PDT" name="Default suite" finished-at="2024-04-15T14:03:59 PDT" duration-ms="20345">
    <groups>
    </groups>
    <test started-at="2024-04-15T14:03:38 PDT" name="Default test" finished-at="2024-04-15T14:03:59 PDT" duration-ms="20345">
      <class name="com.allianz.test.LoginUITest">
        <test-method signature="applicationDescriptioTest()[pri:0, instance:com.allianz.test.LoginUITest@27462a88]" started-at="2024-04-15T14:03:38 PDT" name="applicationDescriptioTest" finished-at="2024-04-15T14:03:48 PDT" duration-ms="9492" status="PASS">
          <reporter-output>
          </reporter-output>
        </test-method> <!-- applicationDescriptioTest -->
        <test-method signature="titleTest()[pri:0, instance:com.allianz.test.LoginUITest@27462a88]" started-at="2024-04-15T14:03:48 PDT" name="titleTest" finished-at="2024-04-15T14:03:59 PDT" duration-ms="10781" status="PASS">
          <reporter-output>
          </reporter-output>
        </test-method> <!-- titleTest -->
      </class> <!-- com.allianz.test.LoginUITest -->
    </test> <!-- Default test -->
  </suite> <!-- Default suite -->
</testng-results>
